# JRE version: OpenJDK Runtime Environment (8.0_242-b01) (build 1.8.0_242-release-1644-b01)
# Java VM: OpenJDK 64-Bit Server VM (25.242-b01 mixed mode windows-amd64 compressed oops)
Heap:
 PSYoungGen      total 80384K, used 38162K [0x00000000eb580000, 0x00000000f1480000, 0x0000000100000000)
  eden space 63488K, 60% used [0x00000000eb580000,0x00000000edac4bf8,0x00000000ef380000)
  from space 16896K, 0% used [0x00000000f0400000,0x00000000f0400000,0x00000000f1480000)
  to   space 16896K, 0% used [0x00000000ef380000,0x00000000ef380000,0x00000000f0400000)
 ParOldGen       total 60928K, used 22284K [0x00000000c2000000, 0x00000000c5b80000, 0x00000000eb580000)
  object space 60928K, 36% used [0x00000000c2000000,0x00000000c35c3260,0x00000000c5b80000)
 Metaspace       used 25137K, capacity 25638K, committed 25984K, reserved 1071104K
  class space    used 3210K, capacity 3367K, committed 3456K, reserved 1048576K
GC Heap History (10 events):
Event: 1.447 GC heap before
{Heap before GC invocations=3 (full 0):
 PSYoungGen      total 18432K, used 18405K [0x00000000eb580000, 0x00000000ed980000, 0x0000000100000000)
  eden space 15872K, 100% used [0x00000000eb580000,0x00000000ec500000,0x00000000ec500000)
  from space 2560K, 98% used [0x00000000ec780000,0x00000000ec9f9548,0x00000000eca00000)
  to   space 2560K, 0% used [0x00000000ec500000,0x00000000ec500000,0x00000000ec780000)
 ParOldGen       total 42496K, used 3252K [0x00000000c2000000, 0x00000000c4980000, 0x00000000eb580000)
  object space 42496K, 7% used [0x00000000c2000000,0x00000000c232d258,0x00000000c4980000)
 Metaspace       used 11912K, capacity 12090K, committed 12160K, reserved 1060864K
  class space    used 1278K, capacity 1355K, committed 1408K, reserved 1048576K
Event: 1.457 GC heap after
Heap after GC invocations=3 (full 0):
 PSYoungGen      total 18432K, used 2544K [0x00000000eb580000, 0x00000000ed980000, 0x0000000100000000)
  eden space 15872K, 0% used [0x00000000eb580000,0x00000000eb580000,0x00000000ec500000)
  from space 2560K, 99% used [0x00000000ec500000,0x00000000ec77c010,0x00000000ec780000)
  to   space 2560K, 0% used [0x00000000ed700000,0x00000000ed700000,0x00000000ed980000)
 ParOldGen       total 42496K, used 6463K [0x00000000c2000000, 0x00000000c4980000, 0x00000000eb580000)
  object space 42496K, 15% used [0x00000000c2000000,0x00000000c264fd50,0x00000000c4980000)
 Metaspace       used 11912K, capacity 12090K, committed 12160K, reserved 1060864K
  class space    used 1278K, capacity 1355K, committed 1408K, reserved 1048576K
}
Event: 1.852 GC heap before
{Heap before GC invocations=4 (full 0):
 PSYoungGen      total 18432K, used 18416K [0x00000000eb580000, 0x00000000ed980000, 0x0000000100000000)
  eden space 15872K, 100% used [0x00000000eb580000,0x00000000ec500000,0x00000000ec500000)
  from space 2560K, 99% used [0x00000000ec500000,0x00000000ec77c010,0x00000000ec780000)
  to   space 2560K, 0% used [0x00000000ed700000,0x00000000ed700000,0x00000000ed980000)
 ParOldGen       total 42496K, used 6463K [0x00000000c2000000, 0x00000000c4980000, 0x00000000eb580000)
  object space 42496K, 15% used [0x00000000c2000000,0x00000000c264fd50,0x00000000c4980000)
 Metaspace       used 15389K, capacity 15620K, committed 15744K, reserved 1062912K
  class space    used 1741K, capacity 1830K, committed 1920K, reserved 1048576K
Event: 1.861 GC heap after
Heap after GC invocations=4 (full 0):
 PSYoungGen      total 34304K, used 2544K [0x00000000eb580000, 0x00000000ed980000, 0x0000000100000000)
  eden space 31744K, 0% used [0x00000000eb580000,0x00000000eb580000,0x00000000ed480000)
  from space 2560K, 99% used [0x00000000ed700000,0x00000000ed97c010,0x00000000ed980000)
  to   space 2560K, 0% used [0x00000000ed480000,0x00000000ed480000,0x00000000ed700000)
 ParOldGen       total 42496K, used 10269K [0x00000000c2000000, 0x00000000c4980000, 0x00000000eb580000)
  object space 42496K, 24% used [0x00000000c2000000,0x00000000c2a077c8,0x00000000c4980000)
 Metaspace       used 15389K, capacity 15620K, committed 15744K, reserved 1062912K
  class space    used 1741K, capacity 1830K, committed 1920K, reserved 1048576K
}
Event: 2.533 GC heap before
{Heap before GC invocations=5 (full 0):
 PSYoungGen      total 34304K, used 34288K [0x00000000eb580000, 0x00000000ed980000, 0x0000000100000000)
  eden space 31744K, 100% used [0x00000000eb580000,0x00000000ed480000,0x00000000ed480000)
  from space 2560K, 99% used [0x00000000ed700000,0x00000000ed97c010,0x00000000ed980000)
  to   space 2560K, 0% used [0x00000000ed480000,0x00000000ed480000,0x00000000ed700000)
 ParOldGen       total 42496K, used 10269K [0x00000000c2000000, 0x00000000c4980000, 0x00000000eb580000)
  object space 42496K, 24% used [0x00000000c2000000,0x00000000c2a077c8,0x00000000c4980000)
 Metaspace       used 20314K, capacity 20660K, committed 20864K, reserved 1067008K
  class space    used 2313K, capacity 2418K, committed 2432K, reserved 1048576K
Event: 2.601 GC heap after
Heap after GC invocations=5 (full 0):
 PSYoungGen      total 34304K, used 2528K [0x00000000eb580000, 0x00000000f1480000, 0x0000000100000000)
  eden space 31744K, 0% used [0x00000000eb580000,0x00000000eb580000,0x00000000ed480000)
  from space 2560K, 98% used [0x00000000ed480000,0x00000000ed6f8040,0x00000000ed700000)
  to   space 16896K, 0% used [0x00000000f0400000,0x00000000f0400000,0x00000000f1480000)
 ParOldGen       total 42496K, used 27522K [0x00000000c2000000, 0x00000000c4980000, 0x00000000eb580000)
  object space 42496K, 64% used [0x00000000c2000000,0x00000000c3ae09b8,0x00000000c4980000)
 Metaspace       used 20314K, capacity 20660K, committed 20864K, reserved 1067008K
  class space    used 2313K, capacity 2418K, committed 2432K, reserved 1048576K
}
Event: 2.758 GC heap before
{Heap before GC invocations=6 (full 0):
 PSYoungGen      total 34304K, used 3862K [0x00000000eb580000, 0x00000000f1480000, 0x0000000100000000)
  eden space 31744K, 4% used [0x00000000eb580000,0x00000000eb6cdb20,0x00000000ed480000)
  from space 2560K, 98% used [0x00000000ed480000,0x00000000ed6f8040,0x00000000ed700000)
  to   space 16896K, 0% used [0x00000000f0400000,0x00000000f0400000,0x00000000f1480000)
 ParOldGen       total 42496K, used 27522K [0x00000000c2000000, 0x00000000c4980000, 0x00000000eb580000)
  object space 42496K, 64% used [0x00000000c2000000,0x00000000c3ae09b8,0x00000000c4980000)
 Metaspace       used 20660K, capacity 21060K, committed 21248K, reserved 1069056K
  class space    used 2355K, capacity 2470K, committed 2560K, reserved 1048576K
Event: 2.768 GC heap after
Heap after GC invocations=6 (full 0):
 PSYoungGen      total 80384K, used 2875K [0x00000000eb580000, 0x00000000f1480000, 0x0000000100000000)
  eden space 63488K, 0% used [0x00000000eb580000,0x00000000eb580000,0x00000000ef380000)
  from space 16896K, 17% used [0x00000000f0400000,0x00000000f06cef00,0x00000000f1480000)
  to   space 16896K, 0% used [0x00000000ef380000,0x00000000ef380000,0x00000000f0400000)
 ParOldGen       total 42496K, used 27530K [0x00000000c2000000, 0x00000000c4980000, 0x00000000eb580000)
  object space 42496K, 64% used [0x00000000c2000000,0x00000000c3ae29b8,0x00000000c4980000)
 Metaspace       used 20660K, capacity 21060K, committed 21248K, reserved 1069056K
  class space    used 2355K, capacity 2470K, committed 2560K, reserved 1048576K
}
Event: 2.768 GC heap before
{Heap before GC invocations=7 (full 1):
 PSYoungGen      total 80384K, used 2875K [0x00000000eb580000, 0x00000000f1480000, 0x0000000100000000)
  eden space 63488K, 0% used [0x00000000eb580000,0x00000000eb580000,0x00000000ef380000)
  from space 16896K, 17% used [0x00000000f0400000,0x00000000f06cef00,0x00000000f1480000)
  to   space 16896K, 0% used [0x00000000ef380000,0x00000000ef380000,0x00000000f0400000)
 ParOldGen       total 42496K, used 27530K [0x00000000c2000000, 0x00000000c4980000, 0x00000000eb580000)
  object space 42496K, 64% used [0x00000000c2000000,0x00000000c3ae29b8,0x00000000c4980000)
 Metaspace       used 20660K, capacity 21060K, committed 21248K, reserved 1069056K
  class space    used 2355K, capacity 2470K, committed 2560K, reserved 1048576K
Event: 2.882 GC heap after
Heap after GC invocations=7 (full 1):
 PSYoungGen      total 80384K, used 0K [0x00000000eb580000, 0x00000000f1480000, 0x0000000100000000)
  eden space 63488K, 0% used [0x00000000eb580000,0x00000000eb580000,0x00000000ef380000)
  from space 16896K, 0% used [0x00000000f0400000,0x00000000f0400000,0x00000000f1480000)
  to   space 16896K, 0% used [0x00000000ef380000,0x00000000ef380000,0x00000000f0400000)
 ParOldGen       total 60928K, used 22284K [0x00000000c2000000, 0x00000000c5b80000, 0x00000000eb580000)
  object space 60928K, 36% used [0x00000000c2000000,0x00000000c35c3260,0x00000000c5b80000)
 Metaspace       used 20660K, capacity 21060K, committed 21248K, reserved 1069056K
  class space    used 2355K, capacity 2470K, committed 2560K, reserved 1048576K
}

