# JRE version: OpenJDK Runtime Environment (8.0_242-b01) (build 1.8.0_242-release-1644-b01)
# Java VM: OpenJDK 64-Bit Server VM (25.242-b01 mixed mode windows-amd64 compressed oops)
Heap:
 PSYoungGen      total 431616K, used 61271K [0x00000000d5580000, 0x00000000f5c00000, 0x0000000100000000)
  eden space 395264K, 7% used [0x00000000d5580000,0x00000000d722a090,0x00000000ed780000)
  from space 36352K, 87% used [0x00000000ed780000,0x00000000ef6abd88,0x00000000efb00000)
  to   space 40960K, 0% used [0x00000000f3400000,0x00000000f3400000,0x00000000f5c00000)
 ParOldGen       total 147968K, used 128419K [0x0000000080000000, 0x0000000089080000, 0x00000000d5580000)
  object space 147968K, 86% used [0x0000000080000000,0x0000000087d68e58,0x0000000089080000)
 Metaspace       used 114030K, capacity 119836K, committed 119896K, reserved 1153024K
  class space    used 14758K, capacity 15964K, committed 16000K, reserved 1048576K
GC Heap History (10 events):
Event: 2522.128 GC heap before
{Heap before GC invocations=29 (full 4):
 PSYoungGen      total 338432K, used 311169K [0x00000000d5580000, 0x00000000ecb80000, 0x0000000100000000)
  eden space 295936K, 100% used [0x00000000d5580000,0x00000000e7680000,0x00000000e7680000)
  from space 42496K, 35% used [0x00000000e9d80000,0x00000000eac60560,0x00000000ec700000)
  to   space 39936K, 0% used [0x00000000e7680000,0x00000000e7680000,0x00000000e9d80000)
 ParOldGen       total 147968K, used 109000K [0x0000000080000000, 0x0000000089080000, 0x00000000d5580000)
  object space 147968K, 73% used [0x0000000080000000,0x0000000086a72130,0x0000000089080000)
 Metaspace       used 103972K, capacity 109182K, committed 109400K, reserved 1144832K
  class space    used 13482K, capacity 14604K, committed 14720K, reserved 1048576K
Event: 2522.149 GC heap after
Heap after GC invocations=29 (full 4):
 PSYoungGen      total 335872K, used 3645K [0x00000000d5580000, 0x00000000ef800000, 0x0000000100000000)
  eden space 295936K, 0% used [0x00000000d5580000,0x00000000d5580000,0x00000000e7680000)
  from space 39936K, 9% used [0x00000000e7680000,0x00000000e7a0f650,0x00000000e9d80000)
  to   space 39936K, 0% used [0x00000000ed100000,0x00000000ed100000,0x00000000ef800000)
 ParOldGen       total 147968K, used 118826K [0x0000000080000000, 0x0000000089080000, 0x00000000d5580000)
  object space 147968K, 80% used [0x0000000080000000,0x000000008740aa80,0x0000000089080000)
 Metaspace       used 103972K, capacity 109182K, committed 109400K, reserved 1144832K
  class space    used 13482K, capacity 14604K, committed 14720K, reserved 1048576K
}
Event: 2523.041 GC heap before
{Heap before GC invocations=30 (full 4):
 PSYoungGen      total 335872K, used 299581K [0x00000000d5580000, 0x00000000ef800000, 0x0000000100000000)
  eden space 295936K, 100% used [0x00000000d5580000,0x00000000e7680000,0x00000000e7680000)
  from space 39936K, 9% used [0x00000000e7680000,0x00000000e7a0f650,0x00000000e9d80000)
  to   space 39936K, 0% used [0x00000000ed100000,0x00000000ed100000,0x00000000ef800000)
 ParOldGen       total 147968K, used 118826K [0x0000000080000000, 0x0000000089080000, 0x00000000d5580000)
  object space 147968K, 80% used [0x0000000080000000,0x000000008740aa80,0x0000000089080000)
 Metaspace       used 103987K, capacity 109182K, committed 109400K, reserved 1144832K
  class space    used 13482K, capacity 14604K, committed 14720K, reserved 1048576K
Event: 2523.058 GC heap after
Heap after GC invocations=30 (full 4):
 PSYoungGen      total 382464K, used 6788K [0x00000000d5580000, 0x00000000ef400000, 0x0000000100000000)
  eden space 346624K, 0% used [0x00000000d5580000,0x00000000d5580000,0x00000000ea800000)
  from space 35840K, 18% used [0x00000000ed100000,0x00000000ed7a1048,0x00000000ef400000)
  to   space 38912K, 0% used [0x00000000ea800000,0x00000000ea800000,0x00000000ece00000)
 ParOldGen       total 147968K, used 120456K [0x0000000080000000, 0x0000000089080000, 0x00000000d5580000)
  object space 147968K, 81% used [0x0000000080000000,0x00000000875a22a8,0x0000000089080000)
 Metaspace       used 103987K, capacity 109182K, committed 109400K, reserved 1144832K
  class space    used 13482K, capacity 14604K, committed 14720K, reserved 1048576K
}
Event: 2524.960 GC heap before
{Heap before GC invocations=31 (full 4):
 PSYoungGen      total 382464K, used 353412K [0x00000000d5580000, 0x00000000ef400000, 0x0000000100000000)
  eden space 346624K, 100% used [0x00000000d5580000,0x00000000ea800000,0x00000000ea800000)
  from space 35840K, 18% used [0x00000000ed100000,0x00000000ed7a1048,0x00000000ef400000)
  to   space 38912K, 0% used [0x00000000ea800000,0x00000000ea800000,0x00000000ece00000)
 ParOldGen       total 147968K, used 120456K [0x0000000080000000, 0x0000000089080000, 0x00000000d5580000)
  object space 147968K, 81% used [0x0000000080000000,0x00000000875a22a8,0x0000000089080000)
 Metaspace       used 104006K, capacity 109252K, committed 109400K, reserved 1144832K
  class space    used 13483K, capacity 14605K, committed 14720K, reserved 1048576K
Event: 2524.977 GC heap after
Heap after GC invocations=31 (full 4):
 PSYoungGen      total 385536K, used 1581K [0x00000000d5580000, 0x00000000f2980000, 0x0000000100000000)
  eden space 346624K, 0% used [0x00000000d5580000,0x00000000d5580000,0x00000000ea800000)
  from space 38912K, 4% used [0x00000000ea800000,0x00000000ea98b688,0x00000000ece00000)
  to   space 38912K, 0% used [0x00000000f0380000,0x00000000f0380000,0x00000000f2980000)
 ParOldGen       total 147968K, used 127102K [0x0000000080000000, 0x0000000089080000, 0x00000000d5580000)
  object space 147968K, 85% used [0x0000000080000000,0x0000000087c1fa90,0x0000000089080000)
 Metaspace       used 104006K, capacity 109252K, committed 109400K, reserved 1144832K
  class space    used 13483K, capacity 14605K, committed 14720K, reserved 1048576K
}
Event: 2533.945 GC heap before
{Heap before GC invocations=32 (full 4):
 PSYoungGen      total 385536K, used 348205K [0x00000000d5580000, 0x00000000f2980000, 0x0000000100000000)
  eden space 346624K, 100% used [0x00000000d5580000,0x00000000ea800000,0x00000000ea800000)
  from space 38912K, 4% used [0x00000000ea800000,0x00000000ea98b688,0x00000000ece00000)
  to   space 38912K, 0% used [0x00000000f0380000,0x00000000f0380000,0x00000000f2980000)
 ParOldGen       total 147968K, used 127102K [0x0000000080000000, 0x0000000089080000, 0x00000000d5580000)
  object space 147968K, 85% used [0x0000000080000000,0x0000000087c1fa90,0x0000000089080000)
 Metaspace       used 106018K, capacity 111478K, committed 111704K, reserved 1146880K
  class space    used 13716K, capacity 14852K, committed 14976K, reserved 1048576K
Event: 2533.974 GC heap after
Heap after GC invocations=32 (full 4):
 PSYoungGen      total 422912K, used 12144K [0x00000000d5580000, 0x00000000f1e80000, 0x0000000100000000)
  eden space 395264K, 0% used [0x00000000d5580000,0x00000000d5580000,0x00000000ed780000)
  from space 27648K, 43% used [0x00000000f0380000,0x00000000f0f5c358,0x00000000f1e80000)
  to   space 36352K, 0% used [0x00000000ed780000,0x00000000ed780000,0x00000000efb00000)
 ParOldGen       total 147968K, used 128411K [0x0000000080000000, 0x0000000089080000, 0x00000000d5580000)
  object space 147968K, 86% used [0x0000000080000000,0x0000000087d66e58,0x0000000089080000)
 Metaspace       used 106018K, capacity 111478K, committed 111704K, reserved 1146880K
  class space    used 13716K, capacity 14852K, committed 14976K, reserved 1048576K
}
Event: 2584.771 GC heap before
{Heap before GC invocations=33 (full 4):
 PSYoungGen      total 422912K, used 407408K [0x00000000d5580000, 0x00000000f1e80000, 0x0000000100000000)
  eden space 395264K, 100% used [0x00000000d5580000,0x00000000ed780000,0x00000000ed780000)
  from space 27648K, 43% used [0x00000000f0380000,0x00000000f0f5c358,0x00000000f1e80000)
  to   space 36352K, 0% used [0x00000000ed780000,0x00000000ed780000,0x00000000efb00000)
 ParOldGen       total 147968K, used 128411K [0x0000000080000000, 0x0000000089080000, 0x00000000d5580000)
  object space 147968K, 86% used [0x0000000080000000,0x0000000087d66e58,0x0000000089080000)
 Metaspace       used 114010K, capacity 119834K, committed 119896K, reserved 1153024K
  class space    used 14757K, capacity 15963K, committed 16000K, reserved 1048576K
Event: 2585.420 GC heap after
Heap after GC invocations=33 (full 4):
 PSYoungGen      total 431616K, used 31919K [0x00000000d5580000, 0x00000000f5c00000, 0x0000000100000000)
  eden space 395264K, 0% used [0x00000000d5580000,0x00000000d5580000,0x00000000ed780000)
  from space 36352K, 87% used [0x00000000ed780000,0x00000000ef6abd88,0x00000000efb00000)
  to   space 40960K, 0% used [0x00000000f3400000,0x00000000f3400000,0x00000000f5c00000)
 ParOldGen       total 147968K, used 128419K [0x0000000080000000, 0x0000000089080000, 0x00000000d5580000)
  object space 147968K, 86% used [0x0000000080000000,0x0000000087d68e58,0x0000000089080000)
 Metaspace       used 114010K, capacity 119834K, committed 119896K, reserved 1153024K
  class space    used 14757K, capacity 15963K, committed 16000K, reserved 1048576K
}

