# JRE version: OpenJDK Runtime Environment (8.0_242-b01) (build 1.8.0_242-release-1644-b01)
# Java VM: OpenJDK 64-Bit Server VM (25.242-b01 mixed mode windows-amd64 compressed oops)
Heap:
 PSYoungGen      total 134144K, used 34027K [0x00000000d5580000, 0x00000000de180000, 0x0000000100000000)
  eden space 124928K, 19% used [0x00000000d5580000,0x00000000d6dbd7d8,0x00000000dcf80000)
  from space 9216K, 99% used [0x00000000dcf80000,0x00000000dd87d4b8,0x00000000dd880000)
  to   space 8704K, 0% used [0x00000000dd900000,0x00000000dd900000,0x00000000de180000)
 ParOldGen       total 30720K, used 10533K [0x0000000080000000, 0x0000000081e00000, 0x00000000d5580000)
  object space 30720K, 34% used [0x0000000080000000,0x0000000080a49408,0x0000000081e00000)
 Metaspace       used 32972K, capacity 34138K, committed 34304K, reserved 1079296K
  class space    used 4479K, capacity 4793K, committed 4864K, reserved 1048576K
GC Heap History (10 events):
Event: 4.199 GC heap before
{Heap before GC invocations=6 (full 0):
 PSYoungGen      total 34304K, used 34288K [0x00000000d5580000, 0x00000000d9e80000, 0x0000000100000000)
  eden space 31744K, 100% used [0x00000000d5580000,0x00000000d7480000,0x00000000d7480000)
  from space 2560K, 99% used [0x00000000d7480000,0x00000000d76fc010,0x00000000d7700000)
  to   space 5632K, 0% used [0x00000000d9900000,0x00000000d9900000,0x00000000d9e80000)
 ParOldGen       total 42496K, used 4565K [0x0000000080000000, 0x0000000082980000, 0x00000000d5580000)
  object space 42496K, 10% used [0x0000000080000000,0x00000000804757c0,0x0000000082980000)
 Metaspace       used 14302K, capacity 14738K, committed 14976K, reserved 1062912K
  class space    used 1970K, capacity 2131K, committed 2176K, reserved 1048576K
Event: 4.213 GC heap after
Heap after GC invocations=6 (full 0):
 PSYoungGen      total 68096K, used 5611K [0x00000000d5580000, 0x00000000da080000, 0x0000000100000000)
  eden space 62464K, 0% used [0x00000000d5580000,0x00000000d5580000,0x00000000d9280000)
  from space 5632K, 99% used [0x00000000d9900000,0x00000000d9e7ae48,0x00000000d9e80000)
  to   space 6656K, 0% used [0x00000000d9280000,0x00000000d9280000,0x00000000d9900000)
 ParOldGen       total 42496K, used 4893K [0x0000000080000000, 0x0000000082980000, 0x00000000d5580000)
  object space 42496K, 11% used [0x0000000080000000,0x00000000804c7548,0x0000000082980000)
 Metaspace       used 14302K, capacity 14738K, committed 14976K, reserved 1062912K
  class space    used 1970K, capacity 2131K, committed 2176K, reserved 1048576K
}
Event: 5.277 GC heap before
{Heap before GC invocations=7 (full 0):
 PSYoungGen      total 68096K, used 68075K [0x00000000d5580000, 0x00000000da080000, 0x0000000100000000)
  eden space 62464K, 100% used [0x00000000d5580000,0x00000000d9280000,0x00000000d9280000)
  from space 5632K, 99% used [0x00000000d9900000,0x00000000d9e7ae48,0x00000000d9e80000)
  to   space 6656K, 0% used [0x00000000d9280000,0x00000000d9280000,0x00000000d9900000)
 ParOldGen       total 42496K, used 4893K [0x0000000080000000, 0x0000000082980000, 0x00000000d5580000)
  object space 42496K, 11% used [0x0000000080000000,0x00000000804c7548,0x0000000082980000)
 Metaspace       used 19833K, capacity 20528K, committed 20608K, reserved 1067008K
  class space    used 2750K, capacity 2920K, committed 2944K, reserved 1048576K
Event: 5.298 GC heap after
Heap after GC invocations=7 (full 0):
 PSYoungGen      total 69120K, used 6627K [0x00000000d5580000, 0x00000000de280000, 0x0000000100000000)
  eden space 62464K, 0% used [0x00000000d5580000,0x00000000d5580000,0x00000000d9280000)
  from space 6656K, 99% used [0x00000000d9280000,0x00000000d98f8e70,0x00000000d9900000)
  to   space 9728K, 0% used [0x00000000dd900000,0x00000000dd900000,0x00000000de280000)
 ParOldGen       total 42496K, used 8201K [0x0000000080000000, 0x0000000082980000, 0x00000000d5580000)
  object space 42496K, 19% used [0x0000000080000000,0x0000000080802448,0x0000000082980000)
 Metaspace       used 19833K, capacity 20528K, committed 20608K, reserved 1067008K
  class space    used 2750K, capacity 2920K, committed 2944K, reserved 1048576K
}
Event: 5.437 GC heap before
{Heap before GC invocations=8 (full 0):
 PSYoungGen      total 69120K, used 13455K [0x00000000d5580000, 0x00000000de280000, 0x0000000100000000)
  eden space 62464K, 10% used [0x00000000d5580000,0x00000000d5c2b0e0,0x00000000d9280000)
  from space 6656K, 99% used [0x00000000d9280000,0x00000000d98f8e70,0x00000000d9900000)
  to   space 9728K, 0% used [0x00000000dd900000,0x00000000dd900000,0x00000000de280000)
 ParOldGen       total 42496K, used 8201K [0x0000000080000000, 0x0000000082980000, 0x00000000d5580000)
  object space 42496K, 19% used [0x0000000080000000,0x0000000080802448,0x0000000082980000)
 Metaspace       used 20491K, capacity 21154K, committed 21248K, reserved 1067008K
  class space    used 2856K, capacity 3035K, committed 3072K, reserved 1048576K
Event: 5.444 GC heap after
Heap after GC invocations=8 (full 0):
 PSYoungGen      total 133632K, used 4356K [0x00000000d5580000, 0x00000000de180000, 0x0000000100000000)
  eden space 124928K, 0% used [0x00000000d5580000,0x00000000d5580000,0x00000000dcf80000)
  from space 8704K, 50% used [0x00000000dd900000,0x00000000ddd41050,0x00000000de180000)
  to   space 9216K, 0% used [0x00000000dcf80000,0x00000000dcf80000,0x00000000dd880000)
 ParOldGen       total 42496K, used 8817K [0x0000000080000000, 0x0000000082980000, 0x00000000d5580000)
  object space 42496K, 20% used [0x0000000080000000,0x000000008089c448,0x0000000082980000)
 Metaspace       used 20491K, capacity 21154K, committed 21248K, reserved 1067008K
  class space    used 2856K, capacity 3035K, committed 3072K, reserved 1048576K
}
Event: 5.444 GC heap before
{Heap before GC invocations=9 (full 1):
 PSYoungGen      total 133632K, used 4356K [0x00000000d5580000, 0x00000000de180000, 0x0000000100000000)
  eden space 124928K, 0% used [0x00000000d5580000,0x00000000d5580000,0x00000000dcf80000)
  from space 8704K, 50% used [0x00000000dd900000,0x00000000ddd41050,0x00000000de180000)
  to   space 9216K, 0% used [0x00000000dcf80000,0x00000000dcf80000,0x00000000dd880000)
 ParOldGen       total 42496K, used 8817K [0x0000000080000000, 0x0000000082980000, 0x00000000d5580000)
  object space 42496K, 20% used [0x0000000080000000,0x000000008089c448,0x0000000082980000)
 Metaspace       used 20491K, capacity 21154K, committed 21248K, reserved 1067008K
  class space    used 2856K, capacity 3035K, committed 3072K, reserved 1048576K
Event: 5.495 GC heap after
Heap after GC invocations=9 (full 1):
 PSYoungGen      total 133632K, used 0K [0x00000000d5580000, 0x00000000de180000, 0x0000000100000000)
  eden space 124928K, 0% used [0x00000000d5580000,0x00000000d5580000,0x00000000dcf80000)
  from space 8704K, 0% used [0x00000000dd900000,0x00000000dd900000,0x00000000de180000)
  to   space 9216K, 0% used [0x00000000dcf80000,0x00000000dcf80000,0x00000000dd880000)
 ParOldGen       total 30720K, used 7218K [0x0000000080000000, 0x0000000081e00000, 0x00000000d5580000)
  object space 30720K, 23% used [0x0000000080000000,0x000000008070c8a8,0x0000000081e00000)
 Metaspace       used 20491K, capacity 21154K, committed 21248K, reserved 1067008K
  class space    used 2856K, capacity 3035K, committed 3072K, reserved 1048576K
}
Event: 7.754 GC heap before
{Heap before GC invocations=10 (full 1):
 PSYoungGen      total 133632K, used 124928K [0x00000000d5580000, 0x00000000de180000, 0x0000000100000000)
  eden space 124928K, 100% used [0x00000000d5580000,0x00000000dcf80000,0x00000000dcf80000)
  from space 8704K, 0% used [0x00000000dd900000,0x00000000dd900000,0x00000000de180000)
  to   space 9216K, 0% used [0x00000000dcf80000,0x00000000dcf80000,0x00000000dd880000)
 ParOldGen       total 30720K, used 7218K [0x0000000080000000, 0x0000000081e00000, 0x00000000d5580000)
  object space 30720K, 23% used [0x0000000080000000,0x000000008070c8a8,0x0000000081e00000)
 Metaspace       used 31889K, capacity 33064K, committed 33408K, reserved 1077248K
  class space    used 4316K, capacity 4619K, committed 4736K, reserved 1048576K
Event: 7.780 GC heap after
Heap after GC invocations=10 (full 1):
 PSYoungGen      total 134144K, used 9205K [0x00000000d5580000, 0x00000000de180000, 0x0000000100000000)
  eden space 124928K, 0% used [0x00000000d5580000,0x00000000d5580000,0x00000000dcf80000)
  from space 9216K, 99% used [0x00000000dcf80000,0x00000000dd87d4b8,0x00000000dd880000)
  to   space 8704K, 0% used [0x00000000dd900000,0x00000000dd900000,0x00000000de180000)
 ParOldGen       total 30720K, used 10533K [0x0000000080000000, 0x0000000081e00000, 0x00000000d5580000)
  object space 30720K, 34% used [0x0000000080000000,0x0000000080a49408,0x0000000081e00000)
 Metaspace       used 31889K, capacity 33064K, committed 33408K, reserved 1077248K
  class space    used 4316K, capacity 4619K, committed 4736K, reserved 1048576K
}

