# JRE version: OpenJDK Runtime Environment (8.0_242-b01) (build 1.8.0_242-release-1644-b01)
# Java VM: OpenJDK 64-Bit Server VM (25.242-b01 mixed mode windows-amd64 compressed oops)
Heap:
 PSYoungGen      total 35840K, used 13032K [0x00000000d5580000, 0x00000000d9e80000, 0x0000000100000000)
  eden space 30720K, 25% used [0x00000000d5580000,0x00000000d5d3c928,0x00000000d7380000)
  from space 5120K, 99% used [0x00000000d7380000,0x00000000d787d880,0x00000000d7880000)
  to   space 6656K, 0% used [0x00000000d9800000,0x00000000d9800000,0x00000000d9e80000)
 ParOldGen       total 42496K, used 4773K [0x0000000080000000, 0x0000000082980000, 0x00000000d5580000)
  object space 42496K, 11% used [0x0000000080000000,0x00000000804a9640,0x0000000082980000)
 Metaspace       used 15485K, capacity 15974K, committed 16128K, reserved 1062912K
  class space    used 2043K, capacity 2199K, committed 2304K, reserved 1048576K
GC Heap History (10 events):
Event: 2.498 GC heap before
{Heap before GC invocations=3 (full 0):
 PSYoungGen      total 18432K, used 18421K [0x00000000d5580000, 0x00000000d6a00000, 0x0000000100000000)
  eden space 15872K, 100% used [0x00000000d5580000,0x00000000d6500000,0x00000000d6500000)
  from space 2560K, 99% used [0x00000000d6780000,0x00000000d69fd6a8,0x00000000d6a00000)
  to   space 2560K, 0% used [0x00000000d6500000,0x00000000d6500000,0x00000000d6780000)
 ParOldGen       total 42496K, used 1110K [0x0000000080000000, 0x0000000082980000, 0x00000000d5580000)
  object space 42496K, 2% used [0x0000000080000000,0x0000000080115ab8,0x0000000082980000)
 Metaspace       used 7600K, capacity 7838K, committed 8064K, reserved 1056768K
  class space    used 929K, capacity 1037K, committed 1152K, reserved 1048576K
Event: 2.501 GC heap after
Heap after GC invocations=3 (full 0):
 PSYoungGen      total 18432K, used 2304K [0x00000000d5580000, 0x00000000d6a00000, 0x0000000100000000)
  eden space 15872K, 0% used [0x00000000d5580000,0x00000000d5580000,0x00000000d6500000)
  from space 2560K, 90% used [0x00000000d6500000,0x00000000d6740020,0x00000000d6780000)
  to   space 2560K, 0% used [0x00000000d6780000,0x00000000d6780000,0x00000000d6a00000)
 ParOldGen       total 42496K, used 1118K [0x0000000080000000, 0x0000000082980000, 0x00000000d5580000)
  object space 42496K, 2% used [0x0000000080000000,0x0000000080117ab8,0x0000000082980000)
 Metaspace       used 7600K, capacity 7838K, committed 8064K, reserved 1056768K
  class space    used 929K, capacity 1037K, committed 1152K, reserved 1048576K
}
Event: 2.791 GC heap before
{Heap before GC invocations=4 (full 0):
 PSYoungGen      total 18432K, used 18176K [0x00000000d5580000, 0x00000000d6a00000, 0x0000000100000000)
  eden space 15872K, 100% used [0x00000000d5580000,0x00000000d6500000,0x00000000d6500000)
  from space 2560K, 90% used [0x00000000d6500000,0x00000000d6740020,0x00000000d6780000)
  to   space 2560K, 0% used [0x00000000d6780000,0x00000000d6780000,0x00000000d6a00000)
 ParOldGen       total 42496K, used 1118K [0x0000000080000000, 0x0000000082980000, 0x00000000d5580000)
  object space 42496K, 2% used [0x0000000080000000,0x0000000080117ab8,0x0000000082980000)
 Metaspace       used 7732K, capacity 7966K, committed 8320K, reserved 1056768K
  class space    used 938K, capacity 1037K, committed 1152K, reserved 1048576K
Event: 2.820 GC heap after
Heap after GC invocations=4 (full 0):
 PSYoungGen      total 18432K, used 2528K [0x00000000d5580000, 0x00000000d7980000, 0x0000000100000000)
  eden space 15872K, 0% used [0x00000000d5580000,0x00000000d5580000,0x00000000d6500000)
  from space 2560K, 98% used [0x00000000d6780000,0x00000000d69f8020,0x00000000d6a00000)
  to   space 2560K, 0% used [0x00000000d6500000,0x00000000d6500000,0x00000000d6780000)
 ParOldGen       total 42496K, used 1575K [0x0000000080000000, 0x0000000082980000, 0x00000000d5580000)
  object space 42496K, 3% used [0x0000000080000000,0x0000000080189c38,0x0000000082980000)
 Metaspace       used 7732K, capacity 7966K, committed 8320K, reserved 1056768K
  class space    used 938K, capacity 1037K, committed 1152K, reserved 1048576K
}
Event: 3.015 GC heap before
{Heap before GC invocations=5 (full 0):
 PSYoungGen      total 18432K, used 18400K [0x00000000d5580000, 0x00000000d7980000, 0x0000000100000000)
  eden space 15872K, 100% used [0x00000000d5580000,0x00000000d6500000,0x00000000d6500000)
  from space 2560K, 98% used [0x00000000d6780000,0x00000000d69f8020,0x00000000d6a00000)
  to   space 2560K, 0% used [0x00000000d6500000,0x00000000d6500000,0x00000000d6780000)
 ParOldGen       total 42496K, used 1575K [0x0000000080000000, 0x0000000082980000, 0x00000000d5580000)
  object space 42496K, 3% used [0x0000000080000000,0x0000000080189c38,0x0000000082980000)
 Metaspace       used 8133K, capacity 8470K, committed 8576K, reserved 1056768K
  class space    used 1039K, capacity 1141K, committed 1152K, reserved 1048576K
Event: 3.040 GC heap after
Heap after GC invocations=5 (full 0):
 PSYoungGen      total 18432K, used 2528K [0x00000000d5580000, 0x00000000d7c80000, 0x0000000100000000)
  eden space 15872K, 0% used [0x00000000d5580000,0x00000000d5580000,0x00000000d6500000)
  from space 2560K, 98% used [0x00000000d6500000,0x00000000d6778020,0x00000000d6780000)
  to   space 4096K, 0% used [0x00000000d7880000,0x00000000d7880000,0x00000000d7c80000)
 ParOldGen       total 42496K, used 2495K [0x0000000080000000, 0x0000000082980000, 0x00000000d5580000)
  object space 42496K, 5% used [0x0000000080000000,0x000000008026fd78,0x0000000082980000)
 Metaspace       used 8133K, capacity 8470K, committed 8576K, reserved 1056768K
  class space    used 1039K, capacity 1141K, committed 1152K, reserved 1048576K
}
Event: 4.791 GC heap before
{Heap before GC invocations=6 (full 0):
 PSYoungGen      total 18432K, used 18400K [0x00000000d5580000, 0x00000000d7c80000, 0x0000000100000000)
  eden space 15872K, 100% used [0x00000000d5580000,0x00000000d6500000,0x00000000d6500000)
  from space 2560K, 98% used [0x00000000d6500000,0x00000000d6778020,0x00000000d6780000)
  to   space 4096K, 0% used [0x00000000d7880000,0x00000000d7880000,0x00000000d7c80000)
 ParOldGen       total 42496K, used 2495K [0x0000000080000000, 0x0000000082980000, 0x00000000d5580000)
  object space 42496K, 5% used [0x0000000080000000,0x000000008026fd78,0x0000000082980000)
 Metaspace       used 11194K, capacity 11498K, committed 11648K, reserved 1058816K
  class space    used 1478K, capacity 1575K, committed 1664K, reserved 1048576K
Event: 4.802 GC heap after
Heap after GC invocations=6 (full 0):
 PSYoungGen      total 34816K, used 4064K [0x00000000d5580000, 0x00000000d7e80000, 0x0000000100000000)
  eden space 30720K, 0% used [0x00000000d5580000,0x00000000d5580000,0x00000000d7380000)
  from space 4096K, 99% used [0x00000000d7880000,0x00000000d7c78020,0x00000000d7c80000)
  to   space 5120K, 0% used [0x00000000d7380000,0x00000000d7380000,0x00000000d7880000)
 ParOldGen       total 42496K, used 3152K [0x0000000080000000, 0x0000000082980000, 0x00000000d5580000)
  object space 42496K, 7% used [0x0000000080000000,0x00000000803142b0,0x0000000082980000)
 Metaspace       used 11194K, capacity 11498K, committed 11648K, reserved 1058816K
  class space    used 1478K, capacity 1575K, committed 1664K, reserved 1048576K
}
Event: 5.911 GC heap before
{Heap before GC invocations=7 (full 0):
 PSYoungGen      total 34816K, used 34784K [0x00000000d5580000, 0x00000000d7e80000, 0x0000000100000000)
  eden space 30720K, 100% used [0x00000000d5580000,0x00000000d7380000,0x00000000d7380000)
  from space 4096K, 99% used [0x00000000d7880000,0x00000000d7c78020,0x00000000d7c80000)
  to   space 5120K, 0% used [0x00000000d7380000,0x00000000d7380000,0x00000000d7880000)
 ParOldGen       total 42496K, used 3152K [0x0000000080000000, 0x0000000082980000, 0x00000000d5580000)
  object space 42496K, 7% used [0x0000000080000000,0x00000000803142b0,0x0000000082980000)
 Metaspace       used 14273K, capacity 14724K, committed 14976K, reserved 1062912K
  class space    used 1963K, capacity 2126K, committed 2176K, reserved 1048576K
Event: 5.921 GC heap after
Heap after GC invocations=7 (full 0):
 PSYoungGen      total 35840K, used 5110K [0x00000000d5580000, 0x00000000d9e80000, 0x0000000100000000)
  eden space 30720K, 0% used [0x00000000d5580000,0x00000000d5580000,0x00000000d7380000)
  from space 5120K, 99% used [0x00000000d7380000,0x00000000d787d880,0x00000000d7880000)
  to   space 6656K, 0% used [0x00000000d9800000,0x00000000d9800000,0x00000000d9e80000)
 ParOldGen       total 42496K, used 4773K [0x0000000080000000, 0x0000000082980000, 0x00000000d5580000)
  object space 42496K, 11% used [0x0000000080000000,0x00000000804a9640,0x0000000082980000)
 Metaspace       used 14273K, capacity 14724K, committed 14976K, reserved 1062912K
  class space    used 1963K, capacity 2126K, committed 2176K, reserved 1048576K
}

