# JRE version: OpenJDK Runtime Environment (8.0_242-b01) (build 1.8.0_242-release-1644-b01)
# Java VM: OpenJDK 64-Bit Server VM (25.242-b01 mixed mode windows-amd64 compressed oops)
Heap:
 PSYoungGen      total 68096K, used 14759K [0x00000000d5580000, 0x00000000d9e80000, 0x0000000100000000)
  eden space 61440K, 16% used [0x00000000d5580000,0x00000000d5f219e8,0x00000000d9180000)
  from space 6656K, 73% used [0x00000000d9800000,0x00000000d9cc8420,0x00000000d9e80000)
  to   space 6656K, 0% used [0x00000000d9180000,0x00000000d9180000,0x00000000d9800000)
 ParOldGen       total 42496K, used 5345K [0x0000000080000000, 0x0000000082980000, 0x00000000d5580000)
  object space 42496K, 12% used [0x0000000080000000,0x0000000080538620,0x0000000082980000)
 Metaspace       used 17846K, capacity 18438K, committed 18560K, reserved 1064960K
  class space    used 2445K, capacity 2639K, committed 2688K, reserved 1048576K
GC Heap History (10 events):
Event: 2.148 GC heap before
{Heap before GC invocations=4 (full 0):
 PSYoungGen      total 18432K, used 18144K [0x00000000d5580000, 0x00000000d6a00000, 0x0000000100000000)
  eden space 15872K, 100% used [0x00000000d5580000,0x00000000d6500000,0x00000000d6500000)
  from space 2560K, 88% used [0x00000000d6500000,0x00000000d6738000,0x00000000d6780000)
  to   space 2560K, 0% used [0x00000000d6780000,0x00000000d6780000,0x00000000d6a00000)
 ParOldGen       total 42496K, used 1078K [0x0000000080000000, 0x0000000082980000, 0x00000000d5580000)
  object space 42496K, 2% used [0x0000000080000000,0x000000008010dab8,0x0000000082980000)
 Metaspace       used 7716K, capacity 7966K, committed 8320K, reserved 1056768K
  class space    used 938K, capacity 1037K, committed 1152K, reserved 1048576K
Event: 2.152 GC heap after
Heap after GC invocations=4 (full 0):
 PSYoungGen      total 18432K, used 2560K [0x00000000d5580000, 0x00000000d7980000, 0x0000000100000000)
  eden space 15872K, 0% used [0x00000000d5580000,0x00000000d5580000,0x00000000d6500000)
  from space 2560K, 100% used [0x00000000d6780000,0x00000000d6a00000,0x00000000d6a00000)
  to   space 2560K, 0% used [0x00000000d6500000,0x00000000d6500000,0x00000000d6780000)
 ParOldGen       total 42496K, used 1514K [0x0000000080000000, 0x0000000082980000, 0x00000000d5580000)
  object space 42496K, 3% used [0x0000000080000000,0x000000008017ab70,0x0000000082980000)
 Metaspace       used 7716K, capacity 7966K, committed 8320K, reserved 1056768K
  class space    used 938K, capacity 1037K, committed 1152K, reserved 1048576K
}
Event: 2.281 GC heap before
{Heap before GC invocations=5 (full 0):
 PSYoungGen      total 18432K, used 18432K [0x00000000d5580000, 0x00000000d7980000, 0x0000000100000000)
  eden space 15872K, 100% used [0x00000000d5580000,0x00000000d6500000,0x00000000d6500000)
  from space 2560K, 100% used [0x00000000d6780000,0x00000000d6a00000,0x00000000d6a00000)
  to   space 2560K, 0% used [0x00000000d6500000,0x00000000d6500000,0x00000000d6780000)
 ParOldGen       total 42496K, used 1514K [0x0000000080000000, 0x0000000082980000, 0x00000000d5580000)
  object space 42496K, 3% used [0x0000000080000000,0x000000008017ab70,0x0000000082980000)
 Metaspace       used 8120K, capacity 8470K, committed 8576K, reserved 1056768K
  class space    used 1040K, capacity 1141K, committed 1152K, reserved 1048576K
Event: 2.285 GC heap after
Heap after GC invocations=5 (full 0):
 PSYoungGen      total 18432K, used 2544K [0x00000000d5580000, 0x00000000d7c80000, 0x0000000100000000)
  eden space 15872K, 0% used [0x00000000d5580000,0x00000000d5580000,0x00000000d6500000)
  from space 2560K, 99% used [0x00000000d6500000,0x00000000d677c010,0x00000000d6780000)
  to   space 4096K, 0% used [0x00000000d7880000,0x00000000d7880000,0x00000000d7c80000)
 ParOldGen       total 42496K, used 2476K [0x0000000080000000, 0x0000000082980000, 0x00000000d5580000)
  object space 42496K, 5% used [0x0000000080000000,0x000000008026b030,0x0000000082980000)
 Metaspace       used 8120K, capacity 8470K, committed 8576K, reserved 1056768K
  class space    used 1040K, capacity 1141K, committed 1152K, reserved 1048576K
}
Event: 3.621 GC heap before
{Heap before GC invocations=6 (full 0):
 PSYoungGen      total 18432K, used 18416K [0x00000000d5580000, 0x00000000d7c80000, 0x0000000100000000)
  eden space 15872K, 100% used [0x00000000d5580000,0x00000000d6500000,0x00000000d6500000)
  from space 2560K, 99% used [0x00000000d6500000,0x00000000d677c010,0x00000000d6780000)
  to   space 4096K, 0% used [0x00000000d7880000,0x00000000d7880000,0x00000000d7c80000)
 ParOldGen       total 42496K, used 2476K [0x0000000080000000, 0x0000000082980000, 0x00000000d5580000)
  object space 42496K, 5% used [0x0000000080000000,0x000000008026b030,0x0000000082980000)
 Metaspace       used 11189K, capacity 11498K, committed 11648K, reserved 1058816K
  class space    used 1478K, capacity 1575K, committed 1664K, reserved 1048576K
Event: 3.627 GC heap after
Heap after GC invocations=6 (full 0):
 PSYoungGen      total 34816K, used 4064K [0x00000000d5580000, 0x00000000d7e80000, 0x0000000100000000)
  eden space 30720K, 0% used [0x00000000d5580000,0x00000000d5580000,0x00000000d7380000)
  from space 4096K, 99% used [0x00000000d7880000,0x00000000d7c78040,0x00000000d7c80000)
  to   space 5120K, 0% used [0x00000000d7380000,0x00000000d7380000,0x00000000d7880000)
 ParOldGen       total 42496K, used 3109K [0x0000000080000000, 0x0000000082980000, 0x00000000d5580000)
  object space 42496K, 7% used [0x0000000080000000,0x0000000080309418,0x0000000082980000)
 Metaspace       used 11189K, capacity 11498K, committed 11648K, reserved 1058816K
  class space    used 1478K, capacity 1575K, committed 1664K, reserved 1048576K
}
Event: 4.261 GC heap before
{Heap before GC invocations=7 (full 0):
 PSYoungGen      total 34816K, used 34784K [0x00000000d5580000, 0x00000000d7e80000, 0x0000000100000000)
  eden space 30720K, 100% used [0x00000000d5580000,0x00000000d7380000,0x00000000d7380000)
  from space 4096K, 99% used [0x00000000d7880000,0x00000000d7c78040,0x00000000d7c80000)
  to   space 5120K, 0% used [0x00000000d7380000,0x00000000d7380000,0x00000000d7880000)
 ParOldGen       total 42496K, used 3109K [0x0000000080000000, 0x0000000082980000, 0x00000000d5580000)
  object space 42496K, 7% used [0x0000000080000000,0x0000000080309418,0x0000000082980000)
 Metaspace       used 14280K, capacity 14726K, committed 14976K, reserved 1062912K
  class space    used 1964K, capacity 2127K, committed 2176K, reserved 1048576K
Event: 4.271 GC heap after
Heap after GC invocations=7 (full 0):
 PSYoungGen      total 35840K, used 5115K [0x00000000d5580000, 0x00000000d9e80000, 0x0000000100000000)
  eden space 30720K, 0% used [0x00000000d5580000,0x00000000d5580000,0x00000000d7380000)
  from space 5120K, 99% used [0x00000000d7380000,0x00000000d787ee58,0x00000000d7880000)
  to   space 6656K, 0% used [0x00000000d9800000,0x00000000d9800000,0x00000000d9e80000)
 ParOldGen       total 42496K, used 4737K [0x0000000080000000, 0x0000000082980000, 0x00000000d5580000)
  object space 42496K, 11% used [0x0000000080000000,0x00000000804a0620,0x0000000082980000)
 Metaspace       used 14280K, capacity 14726K, committed 14976K, reserved 1062912K
  class space    used 1964K, capacity 2127K, committed 2176K, reserved 1048576K
}
Event: 4.760 GC heap before
{Heap before GC invocations=8 (full 0):
 PSYoungGen      total 35840K, used 35835K [0x00000000d5580000, 0x00000000d9e80000, 0x0000000100000000)
  eden space 30720K, 100% used [0x00000000d5580000,0x00000000d7380000,0x00000000d7380000)
  from space 5120K, 99% used [0x00000000d7380000,0x00000000d787ee58,0x00000000d7880000)
  to   space 6656K, 0% used [0x00000000d9800000,0x00000000d9800000,0x00000000d9e80000)
 ParOldGen       total 42496K, used 4737K [0x0000000080000000, 0x0000000082980000, 0x00000000d5580000)
  object space 42496K, 11% used [0x0000000080000000,0x00000000804a0620,0x0000000082980000)
 Metaspace       used 16972K, capacity 17570K, committed 17920K, reserved 1064960K
  class space    used 2300K, capacity 2477K, committed 2560K, reserved 1048576K
Event: 4.770 GC heap after
Heap after GC invocations=8 (full 0):
 PSYoungGen      total 68096K, used 4897K [0x00000000d5580000, 0x00000000d9e80000, 0x0000000100000000)
  eden space 61440K, 0% used [0x00000000d5580000,0x00000000d5580000,0x00000000d9180000)
  from space 6656K, 73% used [0x00000000d9800000,0x00000000d9cc8420,0x00000000d9e80000)
  to   space 6656K, 0% used [0x00000000d9180000,0x00000000d9180000,0x00000000d9800000)
 ParOldGen       total 42496K, used 5345K [0x0000000080000000, 0x0000000082980000, 0x00000000d5580000)
  object space 42496K, 12% used [0x0000000080000000,0x0000000080538620,0x0000000082980000)
 Metaspace       used 16972K, capacity 17570K, committed 17920K, reserved 1064960K
  class space    used 2300K, capacity 2477K, committed 2560K, reserved 1048576K
}

