# JRE version: OpenJDK Runtime Environment (8.0_242-b01) (build 1.8.0_242-release-1644-b01)
# Java VM: OpenJDK 64-Bit Server VM (25.242-b01 mixed mode windows-amd64 compressed oops)
Heap:
 PSYoungGen      total 265216K, used 138575K [0x00000000d5580000, 0x00000000e9180000, 0x0000000100000000)
  eden space 242688K, 49% used [0x00000000d5580000,0x00000000dcb689b0,0x00000000e4280000)
  from space 22528K, 79% used [0x00000000e7b80000,0x00000000e8ceb5b0,0x00000000e9180000)
  to   space 40448K, 0% used [0x00000000e4280000,0x00000000e4280000,0x00000000e6a00000)
 ParOldGen       total 95232K, used 49426K [0x0000000080000000, 0x0000000085d00000, 0x00000000d5580000)
  object space 95232K, 51% used [0x0000000080000000,0x0000000083044b50,0x0000000085d00000)
 Metaspace       used 102277K, capacity 107672K, committed 107928K, reserved 1142784K
  class space    used 13220K, capacity 14230K, committed 14256K, reserved 1048576K
GC Heap History (10 events):
Event: 10676.324 GC heap before
{Heap before GC invocations=22 (full 4):
 PSYoungGen      total 311808K, used 311744K [0x00000000d5580000, 0x00000000eb480000, 0x0000000100000000)
  eden space 301056K, 100% used [0x00000000d5580000,0x00000000e7b80000,0x00000000e7b80000)
  from space 10752K, 99% used [0x00000000e8880000,0x00000000e92f0128,0x00000000e9300000)
  to   space 29184K, 0% used [0x00000000e9800000,0x00000000e9800000,0x00000000eb480000)
 ParOldGen       total 95232K, used 41033K [0x0000000080000000, 0x0000000085d00000, 0x00000000d5580000)
  object space 95232K, 43% used [0x0000000080000000,0x00000000828124e8,0x0000000085d00000)
 Metaspace       used 99661K, capacity 104574K, committed 104856K, reserved 1140736K
  class space    used 13094K, capacity 13985K, committed 14000K, reserved 1048576K
Event: 10676.441 GC heap after
Heap after GC invocations=22 (full 4):
 PSYoungGen      total 317440K, used 29175K [0x00000000d5580000, 0x00000000eb480000, 0x0000000100000000)
  eden space 288256K, 0% used [0x00000000d5580000,0x00000000d5580000,0x00000000e6f00000)
  from space 29184K, 99% used [0x00000000e9800000,0x00000000eb47dc80,0x00000000eb480000)
  to   space 33792K, 0% used [0x00000000e7280000,0x00000000e7280000,0x00000000e9380000)
 ParOldGen       total 95232K, used 41074K [0x0000000080000000, 0x0000000085d00000, 0x00000000d5580000)
  object space 95232K, 43% used [0x0000000080000000,0x000000008281c918,0x0000000085d00000)
 Metaspace       used 99661K, capacity 104574K, committed 104856K, reserved 1140736K
  class space    used 13094K, capacity 13985K, committed 14000K, reserved 1048576K
}
Event: 10878.640 GC heap before
{Heap before GC invocations=23 (full 4):
 PSYoungGen      total 317440K, used 317431K [0x00000000d5580000, 0x00000000eb480000, 0x0000000100000000)
  eden space 288256K, 100% used [0x00000000d5580000,0x00000000e6f00000,0x00000000e6f00000)
  from space 29184K, 99% used [0x00000000e9800000,0x00000000eb47dc80,0x00000000eb480000)
  to   space 33792K, 0% used [0x00000000e7280000,0x00000000e7280000,0x00000000e9380000)
 ParOldGen       total 95232K, used 41074K [0x0000000080000000, 0x0000000085d00000, 0x00000000d5580000)
  object space 95232K, 43% used [0x0000000080000000,0x000000008281c918,0x0000000085d00000)
 Metaspace       used 101052K, capacity 106072K, committed 106264K, reserved 1140736K
  class space    used 13131K, capacity 14084K, committed 14128K, reserved 1048576K
Event: 10878.759 GC heap after
Heap after GC invocations=23 (full 4):
 PSYoungGen      total 297984K, used 21725K [0x00000000d5580000, 0x00000000ea600000, 0x0000000100000000)
  eden space 275968K, 0% used [0x00000000d5580000,0x00000000d5580000,0x00000000e6300000)
  from space 22016K, 98% used [0x00000000e7280000,0x00000000e87b76c0,0x00000000e8800000)
  to   space 30720K, 0% used [0x00000000e8800000,0x00000000e8800000,0x00000000ea600000)
 ParOldGen       total 95232K, used 41082K [0x0000000080000000, 0x0000000085d00000, 0x00000000d5580000)
  object space 95232K, 43% used [0x0000000080000000,0x000000008281e918,0x0000000085d00000)
 Metaspace       used 101052K, capacity 106072K, committed 106264K, reserved 1140736K
  class space    used 13131K, capacity 14084K, committed 14128K, reserved 1048576K
}
Event: 10884.015 GC heap before
{Heap before GC invocations=24 (full 4):
 PSYoungGen      total 297984K, used 297693K [0x00000000d5580000, 0x00000000ea600000, 0x0000000100000000)
  eden space 275968K, 100% used [0x00000000d5580000,0x00000000e6300000,0x00000000e6300000)
  from space 22016K, 98% used [0x00000000e7280000,0x00000000e87b76c0,0x00000000e8800000)
  to   space 30720K, 0% used [0x00000000e8800000,0x00000000e8800000,0x00000000ea600000)
 ParOldGen       total 95232K, used 41082K [0x0000000080000000, 0x0000000085d00000, 0x00000000d5580000)
  object space 95232K, 43% used [0x0000000080000000,0x000000008281e918,0x0000000085d00000)
 Metaspace       used 101194K, capacity 106284K, committed 106520K, reserved 1142784K
  class space    used 13140K, capacity 14098K, committed 14128K, reserved 1048576K
Event: 10884.100 GC heap after
Heap after GC invocations=24 (full 4):
 PSYoungGen      total 294912K, used 30710K [0x00000000d5580000, 0x00000000ea600000, 0x0000000100000000)
  eden space 264192K, 0% used [0x00000000d5580000,0x00000000d5580000,0x00000000e5780000)
  from space 30720K, 99% used [0x00000000e8800000,0x00000000ea5fdaa8,0x00000000ea600000)
  to   space 38400K, 0% used [0x00000000e5b00000,0x00000000e5b00000,0x00000000e8080000)
 ParOldGen       total 95232K, used 42618K [0x0000000080000000, 0x0000000085d00000, 0x00000000d5580000)
  object space 95232K, 44% used [0x0000000080000000,0x000000008299e918,0x0000000085d00000)
 Metaspace       used 101194K, capacity 106284K, committed 106520K, reserved 1142784K
  class space    used 13140K, capacity 14098K, committed 14128K, reserved 1048576K
}
Event: 10945.657 GC heap before
{Heap before GC invocations=25 (full 4):
 PSYoungGen      total 294912K, used 294534K [0x00000000d5580000, 0x00000000ea600000, 0x0000000100000000)
  eden space 264192K, 99% used [0x00000000d5580000,0x00000000e5723e28,0x00000000e5780000)
  from space 30720K, 99% used [0x00000000e8800000,0x00000000ea5fdaa8,0x00000000ea600000)
  to   space 38400K, 0% used [0x00000000e5b00000,0x00000000e5b00000,0x00000000e8080000)
 ParOldGen       total 95232K, used 42618K [0x0000000080000000, 0x0000000085d00000, 0x00000000d5580000)
  object space 95232K, 44% used [0x0000000080000000,0x000000008299e918,0x0000000085d00000)
 Metaspace       used 101732K, capacity 106846K, committed 107160K, reserved 1142784K
  class space    used 13170K, capacity 14147K, committed 14256K, reserved 1048576K
Event: 10945.808 GC heap after
Heap after GC invocations=25 (full 4):
 PSYoungGen      total 286208K, used 33222K [0x00000000d5580000, 0x00000000e9f80000, 0x0000000100000000)
  eden space 252928K, 0% used [0x00000000d5580000,0x00000000d5580000,0x00000000e4c80000)
  from space 33280K, 99% used [0x00000000e5b00000,0x00000000e7b71838,0x00000000e7b80000)
  to   space 36864K, 0% used [0x00000000e7b80000,0x00000000e7b80000,0x00000000e9f80000)
 ParOldGen       total 95232K, used 49418K [0x0000000080000000, 0x0000000085d00000, 0x00000000d5580000)
  object space 95232K, 51% used [0x0000000080000000,0x0000000083042b50,0x0000000085d00000)
 Metaspace       used 101732K, capacity 106846K, committed 107160K, reserved 1142784K
  class space    used 13170K, capacity 14147K, committed 14256K, reserved 1048576K
}
Event: 10962.060 GC heap before
{Heap before GC invocations=26 (full 4):
 PSYoungGen      total 286208K, used 286150K [0x00000000d5580000, 0x00000000e9f80000, 0x0000000100000000)
  eden space 252928K, 100% used [0x00000000d5580000,0x00000000e4c80000,0x00000000e4c80000)
  from space 33280K, 99% used [0x00000000e5b00000,0x00000000e7b71838,0x00000000e7b80000)
  to   space 36864K, 0% used [0x00000000e7b80000,0x00000000e7b80000,0x00000000e9f80000)
 ParOldGen       total 95232K, used 49418K [0x0000000080000000, 0x0000000085d00000, 0x00000000d5580000)
  object space 95232K, 51% used [0x0000000080000000,0x0000000083042b50,0x0000000085d00000)
 Metaspace       used 102087K, capacity 107440K, committed 107672K, reserved 1142784K
  class space    used 13200K, capacity 14202K, committed 14256K, reserved 1048576K
Event: 10962.102 GC heap after
Heap after GC invocations=26 (full 4):
 PSYoungGen      total 265216K, used 17837K [0x00000000d5580000, 0x00000000e9180000, 0x0000000100000000)
  eden space 242688K, 0% used [0x00000000d5580000,0x00000000d5580000,0x00000000e4280000)
  from space 22528K, 79% used [0x00000000e7b80000,0x00000000e8ceb5b0,0x00000000e9180000)
  to   space 40448K, 0% used [0x00000000e4280000,0x00000000e4280000,0x00000000e6a00000)
 ParOldGen       total 95232K, used 49426K [0x0000000080000000, 0x0000000085d00000, 0x00000000d5580000)
  object space 95232K, 51% used [0x0000000080000000,0x0000000083044b50,0x0000000085d00000)
 Metaspace       used 102087K, capacity 107440K, committed 107672K, reserved 1142784K
  class space    used 13200K, capacity 14202K, committed 14256K, reserved 1048576K
}

