# JRE version: OpenJDK Runtime Environment (8.0_242-b01) (build 1.8.0_242-release-1644-b01)
# Java VM: OpenJDK 64-Bit Server VM (25.242-b01 mixed mode windows-amd64 compressed oops)
Heap:
 PSYoungGen      total 104448K, used 55391K [0x00000000d5580000, 0x00000000ddf00000, 0x0000000100000000)
  eden space 98816K, 50% used [0x00000000d5580000,0x00000000d8635c58,0x00000000db600000)
  from space 5632K, 97% used [0x00000000dd980000,0x00000000ddee22d8,0x00000000ddf00000)
  to   space 8192K, 0% used [0x00000000dcf00000,0x00000000dcf00000,0x00000000dd700000)
 ParOldGen       total 35840K, used 9633K [0x0000000080000000, 0x0000000082300000, 0x00000000d5580000)
  object space 35840K, 26% used [0x0000000080000000,0x00000000809684e0,0x0000000082300000)
 Metaspace       used 31947K, capacity 33078K, committed 33280K, reserved 1077248K
  class space    used 4297K, capacity 4582K, committed 4608K, reserved 1048576K
GC Heap History (10 events):
Event: 4.323 GC heap before
{Heap before GC invocations=5 (full 0):
 PSYoungGen      total 34304K, used 34304K [0x00000000d5580000, 0x00000000d9880000, 0x0000000100000000)
  eden space 31744K, 100% used [0x00000000d5580000,0x00000000d7480000,0x00000000d7480000)
  from space 2560K, 100% used [0x00000000d9600000,0x00000000d9880000,0x00000000d9880000)
  to   space 2560K, 0% used [0x00000000d7480000,0x00000000d7480000,0x00000000d7700000)
 ParOldGen       total 42496K, used 4646K [0x0000000080000000, 0x0000000082980000, 0x00000000d5580000)
  object space 42496K, 10% used [0x0000000080000000,0x0000000080489af0,0x0000000082980000)
 Metaspace       used 14279K, capacity 14732K, committed 14976K, reserved 1062912K
  class space    used 1969K, capacity 2130K, committed 2176K, reserved 1048576K
Event: 4.331 GC heap after
Heap after GC invocations=5 (full 0):
 PSYoungGen      total 34304K, used 2544K [0x00000000d5580000, 0x00000000da180000, 0x0000000100000000)
  eden space 31744K, 0% used [0x00000000d5580000,0x00000000d5580000,0x00000000d7480000)
  from space 2560K, 99% used [0x00000000d7480000,0x00000000d76fc010,0x00000000d7700000)
  to   space 7168K, 0% used [0x00000000d9a80000,0x00000000d9a80000,0x00000000da180000)
 ParOldGen       total 42496K, used 7988K [0x0000000080000000, 0x0000000082980000, 0x00000000d5580000)
  object space 42496K, 18% used [0x0000000080000000,0x00000000807cd0b0,0x0000000082980000)
 Metaspace       used 14279K, capacity 14732K, committed 14976K, reserved 1062912K
  class space    used 1969K, capacity 2130K, committed 2176K, reserved 1048576K
}
Event: 4.787 GC heap before
{Heap before GC invocations=6 (full 0):
 PSYoungGen      total 34304K, used 34288K [0x00000000d5580000, 0x00000000da180000, 0x0000000100000000)
  eden space 31744K, 100% used [0x00000000d5580000,0x00000000d7480000,0x00000000d7480000)
  from space 2560K, 99% used [0x00000000d7480000,0x00000000d76fc010,0x00000000d7700000)
  to   space 7168K, 0% used [0x00000000d9a80000,0x00000000d9a80000,0x00000000da180000)
 ParOldGen       total 42496K, used 7988K [0x0000000080000000, 0x0000000082980000, 0x00000000d5580000)
  object space 42496K, 18% used [0x0000000080000000,0x00000000807cd0b0,0x0000000082980000)
 Metaspace       used 17020K, capacity 17634K, committed 17920K, reserved 1064960K
  class space    used 2307K, capacity 2477K, committed 2560K, reserved 1048576K
Event: 4.800 GC heap after
Heap after GC invocations=6 (full 0):
 PSYoungGen      total 70656K, used 5319K [0x00000000d5580000, 0x00000000da180000, 0x0000000100000000)
  eden space 63488K, 0% used [0x00000000d5580000,0x00000000d5580000,0x00000000d9380000)
  from space 7168K, 74% used [0x00000000d9a80000,0x00000000d9fb1c08,0x00000000da180000)
  to   space 7168K, 0% used [0x00000000d9380000,0x00000000d9380000,0x00000000d9a80000)
 ParOldGen       total 42496K, used 7988K [0x0000000080000000, 0x0000000082980000, 0x00000000d5580000)
  object space 42496K, 18% used [0x0000000080000000,0x00000000807cd0b0,0x0000000082980000)
 Metaspace       used 17020K, capacity 17634K, committed 17920K, reserved 1064960K
  class space    used 2307K, capacity 2477K, committed 2560K, reserved 1048576K
}
Event: 5.627 GC heap before
{Heap before GC invocations=7 (full 0):
 PSYoungGen      total 70656K, used 42387K [0x00000000d5580000, 0x00000000da180000, 0x0000000100000000)
  eden space 63488K, 58% used [0x00000000d5580000,0x00000000d79b3248,0x00000000d9380000)
  from space 7168K, 74% used [0x00000000d9a80000,0x00000000d9fb1c08,0x00000000da180000)
  to   space 7168K, 0% used [0x00000000d9380000,0x00000000d9380000,0x00000000d9a80000)
 ParOldGen       total 42496K, used 7988K [0x0000000080000000, 0x0000000082980000, 0x00000000d5580000)
  object space 42496K, 18% used [0x0000000080000000,0x00000000807cd0b0,0x0000000082980000)
 Metaspace       used 20475K, capacity 21146K, committed 21248K, reserved 1067008K
  class space    used 2854K, capacity 3033K, committed 3072K, reserved 1048576K
Event: 5.637 GC heap after
Heap after GC invocations=7 (full 0):
 PSYoungGen      total 70656K, used 7047K [0x00000000d5580000, 0x00000000de180000, 0x0000000100000000)
  eden space 63488K, 0% used [0x00000000d5580000,0x00000000d5580000,0x00000000d9380000)
  from space 7168K, 98% used [0x00000000d9380000,0x00000000d9a61c60,0x00000000d9a80000)
  to   space 8192K, 0% used [0x00000000dd980000,0x00000000dd980000,0x00000000de180000)
 ParOldGen       total 42496K, used 8748K [0x0000000080000000, 0x0000000082980000, 0x00000000d5580000)
  object space 42496K, 20% used [0x0000000080000000,0x000000008088b0f0,0x0000000082980000)
 Metaspace       used 20475K, capacity 21146K, committed 21248K, reserved 1067008K
  class space    used 2854K, capacity 3033K, committed 3072K, reserved 1048576K
}
Event: 5.637 GC heap before
{Heap before GC invocations=8 (full 1):
 PSYoungGen      total 70656K, used 7047K [0x00000000d5580000, 0x00000000de180000, 0x0000000100000000)
  eden space 63488K, 0% used [0x00000000d5580000,0x00000000d5580000,0x00000000d9380000)
  from space 7168K, 98% used [0x00000000d9380000,0x00000000d9a61c60,0x00000000d9a80000)
  to   space 8192K, 0% used [0x00000000dd980000,0x00000000dd980000,0x00000000de180000)
 ParOldGen       total 42496K, used 8748K [0x0000000080000000, 0x0000000082980000, 0x00000000d5580000)
  object space 42496K, 20% used [0x0000000080000000,0x000000008088b0f0,0x0000000082980000)
 Metaspace       used 20475K, capacity 21146K, committed 21248K, reserved 1067008K
  class space    used 2854K, capacity 3033K, committed 3072K, reserved 1048576K
Event: 5.692 GC heap after
Heap after GC invocations=8 (full 1):
 PSYoungGen      total 70656K, used 0K [0x00000000d5580000, 0x00000000de180000, 0x0000000100000000)
  eden space 63488K, 0% used [0x00000000d5580000,0x00000000d5580000,0x00000000d9380000)
  from space 7168K, 0% used [0x00000000d9380000,0x00000000d9380000,0x00000000d9a80000)
  to   space 8192K, 0% used [0x00000000dd980000,0x00000000dd980000,0x00000000de180000)
 ParOldGen       total 35840K, used 9625K [0x0000000080000000, 0x0000000082300000, 0x00000000d5580000)
  object space 35840K, 26% used [0x0000000080000000,0x00000000809664e0,0x0000000082300000)
 Metaspace       used 20475K, capacity 21146K, committed 21248K, reserved 1067008K
  class space    used 2854K, capacity 3033K, committed 3072K, reserved 1048576K
}
Event: 6.690 GC heap before
{Heap before GC invocations=9 (full 1):
 PSYoungGen      total 70656K, used 63488K [0x00000000d5580000, 0x00000000de180000, 0x0000000100000000)
  eden space 63488K, 100% used [0x00000000d5580000,0x00000000d9380000,0x00000000d9380000)
  from space 7168K, 0% used [0x00000000d9380000,0x00000000d9380000,0x00000000d9a80000)
  to   space 8192K, 0% used [0x00000000dd980000,0x00000000dd980000,0x00000000de180000)
 ParOldGen       total 35840K, used 9625K [0x0000000080000000, 0x0000000082300000, 0x00000000d5580000)
  object space 35840K, 26% used [0x0000000080000000,0x00000000809664e0,0x0000000082300000)
 Metaspace       used 24312K, capacity 25290K, committed 25600K, reserved 1071104K
  class space    used 3469K, capacity 3735K, committed 3840K, reserved 1048576K
Event: 6.697 GC heap after
Heap after GC invocations=9 (full 1):
 PSYoungGen      total 104448K, used 5512K [0x00000000d5580000, 0x00000000ddf00000, 0x0000000100000000)
  eden space 98816K, 0% used [0x00000000d5580000,0x00000000d5580000,0x00000000db600000)
  from space 5632K, 97% used [0x00000000dd980000,0x00000000ddee22d8,0x00000000ddf00000)
  to   space 8192K, 0% used [0x00000000dcf00000,0x00000000dcf00000,0x00000000dd700000)
 ParOldGen       total 35840K, used 9633K [0x0000000080000000, 0x0000000082300000, 0x00000000d5580000)
  object space 35840K, 26% used [0x0000000080000000,0x00000000809684e0,0x0000000082300000)
 Metaspace       used 24312K, capacity 25290K, committed 25600K, reserved 1071104K
  class space    used 3469K, capacity 3735K, committed 3840K, reserved 1048576K
}

