# JRE version: OpenJDK Runtime Environment (8.0_242-b01) (build 1.8.0_242-release-1644-b01)
# Java VM: OpenJDK 64-Bit Server VM (25.242-b01 mixed mode windows-amd64 compressed oops)
Heap:
 PSYoungGen      total 433664K, used 115258K [0x00000000d5580000, 0x00000000f5a80000, 0x0000000100000000)
  eden space 402944K, 23% used [0x00000000d5580000,0x00000000db2f5900,0x00000000edf00000)
  from space 30720K, 63% used [0x00000000edf00000,0x00000000ef219250,0x00000000efd00000)
  to   space 45056K, 0% used [0x00000000f2e80000,0x00000000f2e80000,0x00000000f5a80000)
 ParOldGen       total 159232K, used 83392K [0x0000000080000000, 0x0000000089b80000, 0x00000000d5580000)
  object space 159232K, 52% used [0x0000000080000000,0x0000000085170098,0x0000000089b80000)
 Metaspace       used 98010K, capacity 103530K, committed 103832K, reserved 1138688K
  class space    used 12716K, capacity 13697K, committed 13744K, reserved 1048576K
GC Heap History (10 events):
Event: 5175.305 GC heap before
{Heap before GC invocations=24 (full 4):
 PSYoungGen      total 440320K, used 428032K [0x00000000d5580000, 0x00000000f3680000, 0x0000000100000000)
  eden space 428032K, 100% used [0x00000000d5580000,0x00000000ef780000,0x00000000ef780000)
  from space 12288K, 0% used [0x00000000ef780000,0x00000000ef780000,0x00000000f0380000)
  to   space 32256K, 0% used [0x00000000f1700000,0x00000000f1700000,0x00000000f3680000)
 ParOldGen       total 83456K, used 48707K [0x0000000080000000, 0x0000000085180000, 0x00000000d5580000)
  object space 83456K, 58% used [0x0000000080000000,0x0000000082f90f80,0x0000000085180000)
 Metaspace       used 94248K, capacity 99042K, committed 99352K, reserved 1134592K
  class space    used 12384K, capacity 13283K, committed 13360K, reserved 1048576K
Event: 5175.622 GC heap after
Heap after GC invocations=24 (full 4):
 PSYoungGen      total 460800K, used 17060K [0x00000000d5580000, 0x00000000f6580000, 0x0000000100000000)
  eden space 428544K, 0% used [0x00000000d5580000,0x00000000d5580000,0x00000000ef800000)
  from space 32256K, 52% used [0x00000000f1700000,0x00000000f27a9020,0x00000000f3680000)
  to   space 31744K, 0% used [0x00000000ef800000,0x00000000ef800000,0x00000000f1700000)
 ParOldGen       total 83456K, used 48715K [0x0000000080000000, 0x0000000085180000, 0x00000000d5580000)
  object space 83456K, 58% used [0x0000000080000000,0x0000000082f92f80,0x0000000085180000)
 Metaspace       used 94248K, capacity 99042K, committed 99352K, reserved 1134592K
  class space    used 12384K, capacity 13283K, committed 13360K, reserved 1048576K
}
Event: 5515.644 GC heap before
{Heap before GC invocations=25 (full 4):
 PSYoungGen      total 460800K, used 445604K [0x00000000d5580000, 0x00000000f6580000, 0x0000000100000000)
  eden space 428544K, 100% used [0x00000000d5580000,0x00000000ef800000,0x00000000ef800000)
  from space 32256K, 52% used [0x00000000f1700000,0x00000000f27a9020,0x00000000f3680000)
  to   space 31744K, 0% used [0x00000000ef800000,0x00000000ef800000,0x00000000f1700000)
 ParOldGen       total 83456K, used 48715K [0x0000000080000000, 0x0000000085180000, 0x00000000d5580000)
  object space 83456K, 58% used [0x0000000080000000,0x0000000082f92f80,0x0000000085180000)
 Metaspace       used 94962K, capacity 100004K, committed 100120K, reserved 1136640K
  class space    used 12420K, capacity 13340K, committed 13360K, reserved 1048576K
Event: 5515.929 GC heap after
Heap after GC invocations=25 (full 4):
 PSYoungGen      total 427008K, used 17581K [0x00000000d5580000, 0x00000000f2200000, 0x0000000100000000)
  eden space 409088K, 0% used [0x00000000d5580000,0x00000000d5580000,0x00000000ee500000)
  from space 17920K, 98% used [0x00000000ef800000,0x00000000f092b6f0,0x00000000f0980000)
  to   space 25088K, 0% used [0x00000000f0980000,0x00000000f0980000,0x00000000f2200000)
 ParOldGen       total 83456K, used 48723K [0x0000000080000000, 0x0000000085180000, 0x00000000d5580000)
  object space 83456K, 58% used [0x0000000080000000,0x0000000082f94f80,0x0000000085180000)
 Metaspace       used 94962K, capacity 100004K, committed 100120K, reserved 1136640K
  class space    used 12420K, capacity 13340K, committed 13360K, reserved 1048576K
}
Event: 5913.119 GC heap before
{Heap before GC invocations=26 (full 4):
 PSYoungGen      total 427008K, used 426669K [0x00000000d5580000, 0x00000000f2200000, 0x0000000100000000)
  eden space 409088K, 100% used [0x00000000d5580000,0x00000000ee500000,0x00000000ee500000)
  from space 17920K, 98% used [0x00000000ef800000,0x00000000f092b6f0,0x00000000f0980000)
  to   space 25088K, 0% used [0x00000000f0980000,0x00000000f0980000,0x00000000f2200000)
 ParOldGen       total 83456K, used 48723K [0x0000000080000000, 0x0000000085180000, 0x00000000d5580000)
  object space 83456K, 58% used [0x0000000080000000,0x0000000082f94f80,0x0000000085180000)
 Metaspace       used 95823K, capacity 101202K, committed 101272K, reserved 1136640K
  class space    used 12500K, capacity 13481K, committed 13488K, reserved 1048576K
Event: 5913.579 GC heap after
Heap after GC invocations=26 (full 4):
 PSYoungGen      total 408576K, used 17708K [0x00000000d5580000, 0x00000000f1b00000, 0x0000000100000000)
  eden space 390656K, 0% used [0x00000000d5580000,0x00000000d5580000,0x00000000ed300000)
  from space 17920K, 98% used [0x00000000f0980000,0x00000000f1acb150,0x00000000f1b00000)
  to   space 30720K, 0% used [0x00000000edf00000,0x00000000edf00000,0x00000000efd00000)
 ParOldGen       total 83456K, used 48731K [0x0000000080000000, 0x0000000085180000, 0x00000000d5580000)
  object space 83456K, 58% used [0x0000000080000000,0x0000000082f96f80,0x0000000085180000)
 Metaspace       used 95823K, capacity 101202K, committed 101272K, reserved 1136640K
  class space    used 12500K, capacity 13481K, committed 13488K, reserved 1048576K
}
Event: 5922.801 GC heap before
{Heap before GC invocations=27 (full 4):
 PSYoungGen      total 408576K, used 408364K [0x00000000d5580000, 0x00000000f1b00000, 0x0000000100000000)
  eden space 390656K, 100% used [0x00000000d5580000,0x00000000ed300000,0x00000000ed300000)
  from space 17920K, 98% used [0x00000000f0980000,0x00000000f1acb150,0x00000000f1b00000)
  to   space 30720K, 0% used [0x00000000edf00000,0x00000000edf00000,0x00000000efd00000)
 ParOldGen       total 83456K, used 48731K [0x0000000080000000, 0x0000000085180000, 0x00000000d5580000)
  object space 83456K, 58% used [0x0000000080000000,0x0000000082f96f80,0x0000000085180000)
 Metaspace       used 97896K, capacity 103454K, committed 103576K, reserved 1138688K
  class space    used 12720K, capacity 13709K, committed 13744K, reserved 1048576K
Event: 5923.075 GC heap after
Heap after GC invocations=27 (full 4):
 PSYoungGen      total 433664K, used 30711K [0x00000000d5580000, 0x00000000f5a80000, 0x0000000100000000)
  eden space 402944K, 0% used [0x00000000d5580000,0x00000000d5580000,0x00000000edf00000)
  from space 30720K, 99% used [0x00000000edf00000,0x00000000efcfde08,0x00000000efd00000)
  to   space 45056K, 0% used [0x00000000f2e80000,0x00000000f2e80000,0x00000000f5a80000)
 ParOldGen       total 83456K, used 74963K [0x0000000080000000, 0x0000000085180000, 0x00000000d5580000)
  object space 83456K, 89% used [0x0000000080000000,0x0000000084934fa0,0x0000000085180000)
 Metaspace       used 97896K, capacity 103454K, committed 103576K, reserved 1138688K
  class space    used 12720K, capacity 13709K, committed 13744K, reserved 1048576K
}
Event: 5923.075 GC heap before
{Heap before GC invocations=28 (full 5):
 PSYoungGen      total 433664K, used 30711K [0x00000000d5580000, 0x00000000f5a80000, 0x0000000100000000)
  eden space 402944K, 0% used [0x00000000d5580000,0x00000000d5580000,0x00000000edf00000)
  from space 30720K, 99% used [0x00000000edf00000,0x00000000efcfde08,0x00000000efd00000)
  to   space 45056K, 0% used [0x00000000f2e80000,0x00000000f2e80000,0x00000000f5a80000)
 ParOldGen       total 83456K, used 74963K [0x0000000080000000, 0x0000000085180000, 0x00000000d5580000)
  object space 83456K, 89% used [0x0000000080000000,0x0000000084934fa0,0x0000000085180000)
 Metaspace       used 97896K, capacity 103454K, committed 103576K, reserved 1138688K
  class space    used 12720K, capacity 13709K, committed 13744K, reserved 1048576K
Event: 5925.186 GC heap after
Heap after GC invocations=28 (full 5):
 PSYoungGen      total 433664K, used 19556K [0x00000000d5580000, 0x00000000f5a80000, 0x0000000100000000)
  eden space 402944K, 0% used [0x00000000d5580000,0x00000000d5580000,0x00000000edf00000)
  from space 30720K, 63% used [0x00000000edf00000,0x00000000ef219250,0x00000000efd00000)
  to   space 45056K, 0% used [0x00000000f2e80000,0x00000000f2e80000,0x00000000f5a80000)
 ParOldGen       total 159232K, used 83392K [0x0000000080000000, 0x0000000089b80000, 0x00000000d5580000)
  object space 159232K, 52% used [0x0000000080000000,0x0000000085170098,0x0000000089b80000)
 Metaspace       used 97872K, capacity 103398K, committed 103576K, reserved 1138688K
  class space    used 12713K, capacity 13697K, committed 13744K, reserved 1048576K
}

