# JRE version: OpenJDK Runtime Environment (8.0_242-b01) (build 1.8.0_242-release-1644-b01)
# Java VM: OpenJDK 64-Bit Server VM (25.242-b01 mixed mode windows-amd64 compressed oops)
Heap:
 PSYoungGen      total 105472K, used 40092K [0x00000000eb580000, 0x00000000f3100000, 0x0000000100000000)
  eden space 85504K, 46% used [0x00000000eb580000,0x00000000edca73a0,0x00000000f0900000)
  from space 19968K, 0% used [0x00000000f1d80000,0x00000000f1d80000,0x00000000f3100000)
  to   space 20480K, 0% used [0x00000000f0900000,0x00000000f0900000,0x00000000f1d00000)
 ParOldGen       total 95232K, used 32674K [0x00000000c2000000, 0x00000000c7d00000, 0x00000000eb580000)
  object space 95232K, 34% used [0x00000000c2000000,0x00000000c3fe8a78,0x00000000c7d00000)
 Metaspace       used 39684K, capacity 40306K, committed 40748K, reserved 1085440K
  class space    used 4898K, capacity 5085K, committed 5164K, reserved 1048576K
GC Heap History (10 events):
Event: 2.470 GC heap before
{Heap before GC invocations=4 (full 0):
 PSYoungGen      total 34304K, used 34288K [0x00000000eb580000, 0x00000000ef880000, 0x0000000100000000)
  eden space 31744K, 100% used [0x00000000eb580000,0x00000000ed480000,0x00000000ed480000)
  from space 2560K, 99% used [0x00000000ed480000,0x00000000ed6fc010,0x00000000ed700000)
  to   space 2560K, 0% used [0x00000000ef600000,0x00000000ef600000,0x00000000ef880000)
 ParOldGen       total 42496K, used 10240K [0x00000000c2000000, 0x00000000c4980000, 0x00000000eb580000)
  object space 42496K, 24% used [0x00000000c2000000,0x00000000c2a002f0,0x00000000c4980000)
 Metaspace       used 20172K, capacity 20532K, committed 20608K, reserved 1067008K
  class space    used 2306K, capacity 2418K, committed 2432K, reserved 1048576K
Event: 2.491 GC heap after
Heap after GC invocations=4 (full 0):
 PSYoungGen      total 66048K, used 2528K [0x00000000eb580000, 0x00000000ef880000, 0x0000000100000000)
  eden space 63488K, 0% used [0x00000000eb580000,0x00000000eb580000,0x00000000ef380000)
  from space 2560K, 98% used [0x00000000ef600000,0x00000000ef878030,0x00000000ef880000)
  to   space 2560K, 0% used [0x00000000ef380000,0x00000000ef380000,0x00000000ef600000)
 ParOldGen       total 42496K, used 27462K [0x00000000c2000000, 0x00000000c4980000, 0x00000000eb580000)
  object space 42496K, 64% used [0x00000000c2000000,0x00000000c3ad18a0,0x00000000c4980000)
 Metaspace       used 20172K, capacity 20532K, committed 20608K, reserved 1067008K
  class space    used 2306K, capacity 2418K, committed 2432K, reserved 1048576K
}
Event: 2.491 GC heap before
{Heap before GC invocations=5 (full 1):
 PSYoungGen      total 66048K, used 2528K [0x00000000eb580000, 0x00000000ef880000, 0x0000000100000000)
  eden space 63488K, 0% used [0x00000000eb580000,0x00000000eb580000,0x00000000ef380000)
  from space 2560K, 98% used [0x00000000ef600000,0x00000000ef878030,0x00000000ef880000)
  to   space 2560K, 0% used [0x00000000ef380000,0x00000000ef380000,0x00000000ef600000)
 ParOldGen       total 42496K, used 27462K [0x00000000c2000000, 0x00000000c4980000, 0x00000000eb580000)
  object space 42496K, 64% used [0x00000000c2000000,0x00000000c3ad18a0,0x00000000c4980000)
 Metaspace       used 20172K, capacity 20532K, committed 20608K, reserved 1067008K
  class space    used 2306K, capacity 2418K, committed 2432K, reserved 1048576K
Event: 2.585 GC heap after
Heap after GC invocations=5 (full 1):
 PSYoungGen      total 66048K, used 0K [0x00000000eb580000, 0x00000000ef880000, 0x0000000100000000)
  eden space 63488K, 0% used [0x00000000eb580000,0x00000000eb580000,0x00000000ef380000)
  from space 2560K, 0% used [0x00000000ef600000,0x00000000ef600000,0x00000000ef880000)
  to   space 2560K, 0% used [0x00000000ef380000,0x00000000ef380000,0x00000000ef600000)
 ParOldGen       total 66048K, used 21946K [0x00000000c2000000, 0x00000000c6080000, 0x00000000eb580000)
  object space 66048K, 33% used [0x00000000c2000000,0x00000000c356eaf0,0x00000000c6080000)
 Metaspace       used 20172K, capacity 20532K, committed 20608K, reserved 1067008K
  class space    used 2306K, capacity 2418K, committed 2432K, reserved 1048576K
}
Event: 4.984 GC heap before
{Heap before GC invocations=6 (full 1):
 PSYoungGen      total 66048K, used 63488K [0x00000000eb580000, 0x00000000ef880000, 0x0000000100000000)
  eden space 63488K, 100% used [0x00000000eb580000,0x00000000ef380000,0x00000000ef380000)
  from space 2560K, 0% used [0x00000000ef600000,0x00000000ef600000,0x00000000ef880000)
  to   space 2560K, 0% used [0x00000000ef380000,0x00000000ef380000,0x00000000ef600000)
 ParOldGen       total 66048K, used 21946K [0x00000000c2000000, 0x00000000c6080000, 0x00000000eb580000)
  object space 66048K, 33% used [0x00000000c2000000,0x00000000c356eaf0,0x00000000c6080000)
 Metaspace       used 29241K, capacity 29770K, committed 29952K, reserved 1075200K
  class space    used 3665K, capacity 3820K, committed 3840K, reserved 1048576K
Event: 5.005 GC heap after
Heap after GC invocations=6 (full 1):
 PSYoungGen      total 66048K, used 2557K [0x00000000eb580000, 0x00000000f3380000, 0x0000000100000000)
  eden space 63488K, 0% used [0x00000000eb580000,0x00000000eb580000,0x00000000ef380000)
  from space 2560K, 99% used [0x00000000ef380000,0x00000000ef5ff640,0x00000000ef600000)
  to   space 22528K, 0% used [0x00000000f1d80000,0x00000000f1d80000,0x00000000f3380000)
 ParOldGen       total 66048K, used 34608K [0x00000000c2000000, 0x00000000c6080000, 0x00000000eb580000)
  object space 66048K, 52% used [0x00000000c2000000,0x00000000c41cc0f0,0x00000000c6080000)
 Metaspace       used 29241K, capacity 29770K, committed 29952K, reserved 1075200K
  class space    used 3665K, capacity 3820K, committed 3840K, reserved 1048576K
}
Event: 5.636 GC heap before
{Heap before GC invocations=7 (full 1):
 PSYoungGen      total 66048K, used 29286K [0x00000000eb580000, 0x00000000f3380000, 0x0000000100000000)
  eden space 63488K, 42% used [0x00000000eb580000,0x00000000ecf9a578,0x00000000ef380000)
  from space 2560K, 99% used [0x00000000ef380000,0x00000000ef5ff640,0x00000000ef600000)
  to   space 22528K, 0% used [0x00000000f1d80000,0x00000000f1d80000,0x00000000f3380000)
 ParOldGen       total 66048K, used 34608K [0x00000000c2000000, 0x00000000c6080000, 0x00000000eb580000)
  object space 66048K, 52% used [0x00000000c2000000,0x00000000c41cc0f0,0x00000000c6080000)
 Metaspace       used 33635K, capacity 34114K, committed 34348K, reserved 1079296K
  class space    used 4223K, capacity 4368K, committed 4396K, reserved 1048576K
Event: 5.652 GC heap after
Heap after GC invocations=7 (full 1):
 PSYoungGen      total 105472K, used 9703K [0x00000000eb580000, 0x00000000f3100000, 0x0000000100000000)
  eden space 85504K, 0% used [0x00000000eb580000,0x00000000eb580000,0x00000000f0900000)
  from space 19968K, 48% used [0x00000000f1d80000,0x00000000f26f9ea8,0x00000000f3100000)
  to   space 20480K, 0% used [0x00000000f0900000,0x00000000f0900000,0x00000000f1d00000)
 ParOldGen       total 66048K, used 34616K [0x00000000c2000000, 0x00000000c6080000, 0x00000000eb580000)
  object space 66048K, 52% used [0x00000000c2000000,0x00000000c41ce0f0,0x00000000c6080000)
 Metaspace       used 33635K, capacity 34114K, committed 34348K, reserved 1079296K
  class space    used 4223K, capacity 4368K, committed 4396K, reserved 1048576K
}
Event: 5.652 GC heap before
{Heap before GC invocations=8 (full 2):
 PSYoungGen      total 105472K, used 9703K [0x00000000eb580000, 0x00000000f3100000, 0x0000000100000000)
  eden space 85504K, 0% used [0x00000000eb580000,0x00000000eb580000,0x00000000f0900000)
  from space 19968K, 48% used [0x00000000f1d80000,0x00000000f26f9ea8,0x00000000f3100000)
  to   space 20480K, 0% used [0x00000000f0900000,0x00000000f0900000,0x00000000f1d00000)
 ParOldGen       total 66048K, used 34616K [0x00000000c2000000, 0x00000000c6080000, 0x00000000eb580000)
  object space 66048K, 52% used [0x00000000c2000000,0x00000000c41ce0f0,0x00000000c6080000)
 Metaspace       used 33635K, capacity 34114K, committed 34348K, reserved 1079296K
  class space    used 4223K, capacity 4368K, committed 4396K, reserved 1048576K
Event: 5.731 GC heap after
Heap after GC invocations=8 (full 2):
 PSYoungGen      total 105472K, used 0K [0x00000000eb580000, 0x00000000f3100000, 0x0000000100000000)
  eden space 85504K, 0% used [0x00000000eb580000,0x00000000eb580000,0x00000000f0900000)
  from space 19968K, 0% used [0x00000000f1d80000,0x00000000f1d80000,0x00000000f3100000)
  to   space 20480K, 0% used [0x00000000f0900000,0x00000000f0900000,0x00000000f1d00000)
 ParOldGen       total 95232K, used 32674K [0x00000000c2000000, 0x00000000c7d00000, 0x00000000eb580000)
  object space 95232K, 34% used [0x00000000c2000000,0x00000000c3fe8a78,0x00000000c7d00000)
 Metaspace       used 33635K, capacity 34114K, committed 34348K, reserved 1079296K
  class space    used 4223K, capacity 4368K, committed 4396K, reserved 1048576K
}

